11:16:18,209 graphrag.config.read_dotenv INFO Loading pipeline .env file
11:16:18,218 graphrag.index.cli INFO using default configuration: {
    "llm": {
        "api_key": "REDACTED, length 32",
        "type": "azure_openai_chat",
        "model": "gpt-4o-mini",
        "max_tokens": 4000,
        "temperature": 0.0,
        "top_p": 1.0,
        "n": 1,
        "request_timeout": 180.0,
        "api_base": "https://uxo-dev.openai.azure.com/",
        "api_version": "2023-07-01-preview",
        "proxy": null,
        "cognitive_services_endpoint": null,
        "deployment_name": "gpt-35-turbo-16k",
        "model_supports_json": true,
        "tokens_per_minute": 0,
        "requests_per_minute": 0,
        "max_retries": 10,
        "max_retry_wait": 10.0,
        "sleep_on_rate_limit_recommendation": true,
        "concurrent_requests": 25
    },
    "parallelization": {
        "stagger": 0.3,
        "num_threads": 50
    },
    "async_mode": "threaded",
    "root_dir": ".",
    "reporting": {
        "type": "file",
        "base_dir": "output/${timestamp}/reports",
        "storage_account_blob_url": null
    },
    "storage": {
        "type": "file",
        "base_dir": "output/${timestamp}/artifacts",
        "storage_account_blob_url": null
    },
    "cache": {
        "type": "file",
        "base_dir": "cache",
        "storage_account_blob_url": null
    },
    "input": {
        "type": "file",
        "file_type": "csv",
        "base_dir": "input",
        "storage_account_blob_url": null,
        "encoding": "utf-8",
        "file_pattern": ".*\\.csv$",
        "file_filter": null,
        "source_column": null,
        "timestamp_column": null,
        "timestamp_format": null,
        "text_column": "text",
        "title_column": null,
        "document_attribute_columns": []
    },
    "embed_graph": {
        "enabled": false,
        "num_walks": 10,
        "walk_length": 40,
        "window_size": 2,
        "iterations": 3,
        "random_seed": 597832,
        "strategy": null
    },
    "embeddings": {
        "llm": {
            "api_key": "REDACTED, length 56",
            "type": "openai_embedding",
            "model": "text-embedding-3-smallnomic-ai/nomic-embed-text-v1.5-GGUF/nomic-embed-text-v1.5.Q4_0.gguf",
            "max_tokens": 4000,
            "temperature": 0,
            "top_p": 1,
            "n": 1,
            "request_timeout": 180.0,
            "api_base": "http://localhost:1234/v1",
            "api_version": null,
            "proxy": null,
            "cognitive_services_endpoint": null,
            "deployment_name": null,
            "model_supports_json": null,
            "tokens_per_minute": 0,
            "requests_per_minute": 0,
            "max_retries": 10,
            "max_retry_wait": 10.0,
            "sleep_on_rate_limit_recommendation": true,
            "concurrent_requests": 25
        },
        "parallelization": {
            "stagger": 0.3,
            "num_threads": 50
        },
        "async_mode": "threaded",
        "batch_size": 16,
        "batch_max_tokens": 8191,
        "target": "required",
        "skip": [],
        "vector_store": null,
        "strategy": null
    },
    "chunks": {
        "size": 1200,
        "overlap": 100,
        "group_by_columns": [
            "id"
        ],
        "strategy": null
    },
    "snapshots": {
        "graphml": false,
        "raw_entities": false,
        "top_level_nodes": false
    },
    "entity_extraction": {
        "llm": {
            "api_key": "REDACTED, length 32",
            "type": "azure_openai_chat",
            "model": "gpt-4o-mini",
            "max_tokens": 4000,
            "temperature": 0.0,
            "top_p": 1.0,
            "n": 1,
            "request_timeout": 180.0,
            "api_base": "https://uxo-dev.openai.azure.com/",
            "api_version": "2023-07-01-preview",
            "proxy": null,
            "cognitive_services_endpoint": null,
            "deployment_name": "gpt-35-turbo-16k",
            "model_supports_json": true,
            "tokens_per_minute": 0,
            "requests_per_minute": 0,
            "max_retries": 10,
            "max_retry_wait": 10.0,
            "sleep_on_rate_limit_recommendation": true,
            "concurrent_requests": 25
        },
        "parallelization": {
            "stagger": 0.3,
            "num_threads": 50
        },
        "async_mode": "threaded",
        "prompt": "prompts/entity_extraction.txt",
        "entity_types": [
            "organization",
            "person",
            "geo",
            "event"
        ],
        "max_gleanings": 1,
        "strategy": null
    },
    "summarize_descriptions": {
        "llm": {
            "api_key": "REDACTED, length 32",
            "type": "azure_openai_chat",
            "model": "gpt-4o-mini",
            "max_tokens": 4000,
            "temperature": 0.0,
            "top_p": 1.0,
            "n": 1,
            "request_timeout": 180.0,
            "api_base": "https://uxo-dev.openai.azure.com/",
            "api_version": "2023-07-01-preview",
            "proxy": null,
            "cognitive_services_endpoint": null,
            "deployment_name": "gpt-35-turbo-16k",
            "model_supports_json": true,
            "tokens_per_minute": 0,
            "requests_per_minute": 0,
            "max_retries": 10,
            "max_retry_wait": 10.0,
            "sleep_on_rate_limit_recommendation": true,
            "concurrent_requests": 25
        },
        "parallelization": {
            "stagger": 0.3,
            "num_threads": 50
        },
        "async_mode": "threaded",
        "prompt": "prompts/summarize_descriptions.txt",
        "max_length": 500,
        "strategy": null
    },
    "community_reports": {
        "llm": {
            "api_key": "REDACTED, length 32",
            "type": "azure_openai_chat",
            "model": "gpt-4o-mini",
            "max_tokens": 4000,
            "temperature": 0.0,
            "top_p": 1.0,
            "n": 1,
            "request_timeout": 180.0,
            "api_base": "https://uxo-dev.openai.azure.com/",
            "api_version": "2023-07-01-preview",
            "proxy": null,
            "cognitive_services_endpoint": null,
            "deployment_name": "gpt-35-turbo-16k",
            "model_supports_json": true,
            "tokens_per_minute": 0,
            "requests_per_minute": 0,
            "max_retries": 10,
            "max_retry_wait": 10.0,
            "sleep_on_rate_limit_recommendation": true,
            "concurrent_requests": 25
        },
        "parallelization": {
            "stagger": 0.3,
            "num_threads": 50
        },
        "async_mode": "threaded",
        "prompt": "prompts/community_report.txt",
        "max_length": 2000,
        "max_input_length": 8000,
        "strategy": null
    },
    "claim_extraction": {
        "llm": {
            "api_key": "REDACTED, length 32",
            "type": "azure_openai_chat",
            "model": "gpt-4o-mini",
            "max_tokens": 4000,
            "temperature": 0.0,
            "top_p": 1.0,
            "n": 1,
            "request_timeout": 180.0,
            "api_base": "https://uxo-dev.openai.azure.com/",
            "api_version": "2023-07-01-preview",
            "proxy": null,
            "cognitive_services_endpoint": null,
            "deployment_name": "gpt-35-turbo-16k",
            "model_supports_json": true,
            "tokens_per_minute": 0,
            "requests_per_minute": 0,
            "max_retries": 10,
            "max_retry_wait": 10.0,
            "sleep_on_rate_limit_recommendation": true,
            "concurrent_requests": 25
        },
        "parallelization": {
            "stagger": 0.3,
            "num_threads": 50
        },
        "async_mode": "threaded",
        "enabled": false,
        "prompt": "prompts/claim_extraction.txt",
        "description": "Any claims or facts that could be relevant to information discovery.",
        "max_gleanings": 1,
        "strategy": null
    },
    "cluster_graph": {
        "max_cluster_size": 10,
        "strategy": null
    },
    "umap": {
        "enabled": false
    },
    "local_search": {
        "text_unit_prop": 0.5,
        "community_prop": 0.1,
        "conversation_history_max_turns": 5,
        "top_k_entities": 10,
        "top_k_relationships": 10,
        "temperature": 0.0,
        "top_p": 1.0,
        "n": 1,
        "max_tokens": 12000,
        "llm_max_tokens": 2000
    },
    "global_search": {
        "temperature": 0.0,
        "top_p": 1.0,
        "n": 1,
        "max_tokens": 12000,
        "data_max_tokens": 12000,
        "map_max_tokens": 1000,
        "reduce_max_tokens": 2000,
        "concurrency": 32
    },
    "encoding_model": "cl100k_base",
    "skip_workflows": []
}
11:16:18,226 graphrag.index.create_pipeline_config INFO skipping workflows 
11:16:18,227 graphrag.index.run INFO Running pipeline
11:16:18,227 graphrag.index.storage.file_pipeline_storage INFO Creating file storage at output\20240801-111618\artifacts
11:16:18,227 graphrag.index.input.load_input INFO loading input from root_dir=input
11:16:18,227 graphrag.index.input.load_input INFO using file storage for input
11:16:18,228 graphrag.index.input.csv INFO Loading csv files from input
11:16:18,228 graphrag.index.storage.file_pipeline_storage INFO search input for files matching .*\.csv$
11:16:18,238 graphrag.index.input.csv WARNING text_column text not found in csv file Finance_Dataset.csv
11:16:18,238 graphrag.index.input.csv INFO Found 1 csv files, loading 1
11:16:18,238 graphrag.index.input.csv INFO Total number of unfiltered csv rows: 9
11:16:18,238 graphrag.index.workflows.load INFO Workflow Run Order: ['create_base_text_units', 'create_base_extracted_entities', 'create_summarized_entities', 'create_base_entity_graph', 'create_final_entities', 'create_final_nodes', 'create_final_communities', 'join_text_units_to_entity_ids', 'create_final_relationships', 'join_text_units_to_relationship_ids', 'create_final_community_reports', 'create_final_text_units', 'create_base_documents', 'create_final_documents']
11:16:18,238 graphrag.index.run INFO Final # of rows loaded: 9
11:16:18,469 graphrag.index.run INFO Running workflow: create_base_text_units...
11:16:18,469 graphrag.index.run INFO dependencies for create_base_text_units: []
11:16:18,478 datashaper.workflow.workflow INFO executing verb orderby
11:16:18,478 datashaper.workflow.workflow INFO executing verb zip
11:16:18,483 datashaper.workflow.workflow ERROR Error executing verb "zip" in create_base_text_units: 'text'
Traceback (most recent call last):
  File "D:\GraphRAG-test\graphragvenv\Lib\site-packages\pandas\core\indexes\base.py", line 3805, in get_loc
    return self._engine.get_loc(casted_key)
           ^^^^^^^^^^^^^^^^^^^^^^^^^^^^^^^^
  File "index.pyx", line 167, in pandas._libs.index.IndexEngine.get_loc
  File "index.pyx", line 196, in pandas._libs.index.IndexEngine.get_loc
  File "pandas\\_libs\\hashtable_class_helper.pxi", line 7081, in pandas._libs.hashtable.PyObjectHashTable.get_item
  File "pandas\\_libs\\hashtable_class_helper.pxi", line 7089, in pandas._libs.hashtable.PyObjectHashTable.get_item
KeyError: 'text'

The above exception was the direct cause of the following exception:

Traceback (most recent call last):
  File "D:\GraphRAG-test\graphragvenv\Lib\site-packages\datashaper\workflow\workflow.py", line 410, in _execute_verb
    result = node.verb.func(**verb_args)
             ^^^^^^^^^^^^^^^^^^^^^^^^^^^
  File "D:\GraphRAG-test\graphragvenv\Lib\site-packages\graphrag\index\verbs\zip.py", line 29, in zip_verb
    table[to] = list(zip(*[table[col] for col in columns], strict=True))
                          ^^^^^^^^^^^^^^^^^^^^^^^^^^^^^^^
  File "D:\GraphRAG-test\graphragvenv\Lib\site-packages\graphrag\index\verbs\zip.py", line 29, in <listcomp>
    table[to] = list(zip(*[table[col] for col in columns], strict=True))
                           ~~~~~^^^^^
  File "D:\GraphRAG-test\graphragvenv\Lib\site-packages\pandas\core\frame.py", line 4102, in __getitem__
    indexer = self.columns.get_loc(key)
              ^^^^^^^^^^^^^^^^^^^^^^^^^
  File "D:\GraphRAG-test\graphragvenv\Lib\site-packages\pandas\core\indexes\base.py", line 3812, in get_loc
    raise KeyError(key) from err
KeyError: 'text'
11:16:18,485 graphrag.index.reporting.file_workflow_callbacks INFO Error executing verb "zip" in create_base_text_units: 'text' details=None
11:16:18,485 graphrag.index.run ERROR error running workflow create_base_text_units
Traceback (most recent call last):
  File "D:\GraphRAG-test\graphragvenv\Lib\site-packages\pandas\core\indexes\base.py", line 3805, in get_loc
    return self._engine.get_loc(casted_key)
           ^^^^^^^^^^^^^^^^^^^^^^^^^^^^^^^^
  File "index.pyx", line 167, in pandas._libs.index.IndexEngine.get_loc
  File "index.pyx", line 196, in pandas._libs.index.IndexEngine.get_loc
  File "pandas\\_libs\\hashtable_class_helper.pxi", line 7081, in pandas._libs.hashtable.PyObjectHashTable.get_item
  File "pandas\\_libs\\hashtable_class_helper.pxi", line 7089, in pandas._libs.hashtable.PyObjectHashTable.get_item
KeyError: 'text'

The above exception was the direct cause of the following exception:

Traceback (most recent call last):
  File "D:\GraphRAG-test\graphragvenv\Lib\site-packages\graphrag\index\run.py", line 323, in run_pipeline
    result = await workflow.run(context, callbacks)
             ^^^^^^^^^^^^^^^^^^^^^^^^^^^^^^^^^^^^^^
  File "D:\GraphRAG-test\graphragvenv\Lib\site-packages\datashaper\workflow\workflow.py", line 369, in run
    timing = await self._execute_verb(node, context, callbacks)
             ^^^^^^^^^^^^^^^^^^^^^^^^^^^^^^^^^^^^^^^^^^^^^^^^^^
  File "D:\GraphRAG-test\graphragvenv\Lib\site-packages\datashaper\workflow\workflow.py", line 410, in _execute_verb
    result = node.verb.func(**verb_args)
             ^^^^^^^^^^^^^^^^^^^^^^^^^^^
  File "D:\GraphRAG-test\graphragvenv\Lib\site-packages\graphrag\index\verbs\zip.py", line 29, in zip_verb
    table[to] = list(zip(*[table[col] for col in columns], strict=True))
                          ^^^^^^^^^^^^^^^^^^^^^^^^^^^^^^^
  File "D:\GraphRAG-test\graphragvenv\Lib\site-packages\graphrag\index\verbs\zip.py", line 29, in <listcomp>
    table[to] = list(zip(*[table[col] for col in columns], strict=True))
                           ~~~~~^^^^^
  File "D:\GraphRAG-test\graphragvenv\Lib\site-packages\pandas\core\frame.py", line 4102, in __getitem__
    indexer = self.columns.get_loc(key)
              ^^^^^^^^^^^^^^^^^^^^^^^^^
  File "D:\GraphRAG-test\graphragvenv\Lib\site-packages\pandas\core\indexes\base.py", line 3812, in get_loc
    raise KeyError(key) from err
KeyError: 'text'
11:16:18,488 graphrag.index.reporting.file_workflow_callbacks INFO Error running pipeline! details=None
